<?xml version="1.0" encoding="UTF-8"?>
<testsuite xmlns:xsi="http://www.w3.org/2001/XMLSchema-instance" xsi:noNamespaceSchemaLocation="https://maven.apache.org/surefire/maven-surefire-plugin/xsd/surefire-test-report-3.0.xsd" version="3.0" name="com.example.mandate_backend.MandateBackendApplicationTests" time="8.519" tests="1" errors="0" skipped="0" failures="0">
  <properties>
    <property name="java.specification.version" value="17"/>
    <property name="sun.jnu.encoding" value="UTF-8"/>
    <property name="java.class.path" value="/Users/astregis/Documents/mandate-domain/mandate-backend/target/test-classes:/Users/astregis/Documents/mandate-domain/mandate-backend/target/classes:/Users/astregis/.m2/repository/org/springframework/boot/spring-boot-starter-actuator/3.3.7/spring-boot-starter-actuator-3.3.7.jar:/Users/astregis/.m2/repository/org/springframework/boot/spring-boot-starter/3.3.7/spring-boot-starter-3.3.7.jar:/Users/astregis/.m2/repository/org/springframework/boot/spring-boot-starter-logging/3.3.7/spring-boot-starter-logging-3.3.7.jar:/Users/astregis/.m2/repository/ch/qos/logback/logback-classic/1.5.12/logback-classic-1.5.12.jar:/Users/astregis/.m2/repository/ch/qos/logback/logback-core/1.5.12/logback-core-1.5.12.jar:/Users/astregis/.m2/repository/org/apache/logging/log4j/log4j-to-slf4j/2.23.1/log4j-to-slf4j-2.23.1.jar:/Users/astregis/.m2/repository/org/apache/logging/log4j/log4j-api/2.23.1/log4j-api-2.23.1.jar:/Users/astregis/.m2/repository/org/slf4j/jul-to-slf4j/2.0.16/jul-to-slf4j-2.0.16.jar:/Users/astregis/.m2/repository/jakarta/annotation/jakarta.annotation-api/2.1.1/jakarta.annotation-api-2.1.1.jar:/Users/astregis/.m2/repository/org/yaml/snakeyaml/2.2/snakeyaml-2.2.jar:/Users/astregis/.m2/repository/org/springframework/boot/spring-boot-actuator-autoconfigure/3.3.7/spring-boot-actuator-autoconfigure-3.3.7.jar:/Users/astregis/.m2/repository/org/springframework/boot/spring-boot-actuator/3.3.7/spring-boot-actuator-3.3.7.jar:/Users/astregis/.m2/repository/com/fasterxml/jackson/core/jackson-databind/2.17.3/jackson-databind-2.17.3.jar:/Users/astregis/.m2/repository/com/fasterxml/jackson/core/jackson-annotations/2.17.3/jackson-annotations-2.17.3.jar:/Users/astregis/.m2/repository/com/fasterxml/jackson/core/jackson-core/2.17.3/jackson-core-2.17.3.jar:/Users/astregis/.m2/repository/com/fasterxml/jackson/datatype/jackson-datatype-jsr310/2.17.3/jackson-datatype-jsr310-2.17.3.jar:/Users/astregis/.m2/repository/io/micrometer/micrometer-observation/1.13.9/micrometer-observation-1.13.9.jar:/Users/astregis/.m2/repository/io/micrometer/micrometer-commons/1.13.9/micrometer-commons-1.13.9.jar:/Users/astregis/.m2/repository/io/micrometer/micrometer-jakarta9/1.13.9/micrometer-jakarta9-1.13.9.jar:/Users/astregis/.m2/repository/io/micrometer/micrometer-core/1.13.9/micrometer-core-1.13.9.jar:/Users/astregis/.m2/repository/org/hdrhistogram/HdrHistogram/2.2.2/HdrHistogram-2.2.2.jar:/Users/astregis/.m2/repository/org/latencyutils/LatencyUtils/2.0.3/LatencyUtils-2.0.3.jar:/Users/astregis/.m2/repository/org/springframework/boot/spring-boot-starter-web/3.3.7/spring-boot-starter-web-3.3.7.jar:/Users/astregis/.m2/repository/org/springframework/boot/spring-boot-starter-json/3.3.7/spring-boot-starter-json-3.3.7.jar:/Users/astregis/.m2/repository/com/fasterxml/jackson/datatype/jackson-datatype-jdk8/2.17.3/jackson-datatype-jdk8-2.17.3.jar:/Users/astregis/.m2/repository/com/fasterxml/jackson/module/jackson-module-parameter-names/2.17.3/jackson-module-parameter-names-2.17.3.jar:/Users/astregis/.m2/repository/org/springframework/boot/spring-boot-starter-tomcat/3.3.7/spring-boot-starter-tomcat-3.3.7.jar:/Users/astregis/.m2/repository/org/apache/tomcat/embed/tomcat-embed-core/10.1.34/tomcat-embed-core-10.1.34.jar:/Users/astregis/.m2/repository/org/apache/tomcat/embed/tomcat-embed-el/10.1.34/tomcat-embed-el-10.1.34.jar:/Users/astregis/.m2/repository/org/apache/tomcat/embed/tomcat-embed-websocket/10.1.34/tomcat-embed-websocket-10.1.34.jar:/Users/astregis/.m2/repository/org/springframework/spring-web/6.1.16/spring-web-6.1.16.jar:/Users/astregis/.m2/repository/org/springframework/spring-beans/6.1.16/spring-beans-6.1.16.jar:/Users/astregis/.m2/repository/org/springframework/spring-webmvc/6.1.16/spring-webmvc-6.1.16.jar:/Users/astregis/.m2/repository/org/springframework/spring-context/6.1.16/spring-context-6.1.16.jar:/Users/astregis/.m2/repository/org/springframework/spring-expression/6.1.16/spring-expression-6.1.16.jar:/Users/astregis/.m2/repository/org/springframework/boot/spring-boot-devtools/3.3.7/spring-boot-devtools-3.3.7.jar:/Users/astregis/.m2/repository/org/springframework/boot/spring-boot/3.3.7/spring-boot-3.3.7.jar:/Users/astregis/.m2/repository/org/springframework/boot/spring-boot-autoconfigure/3.3.7/spring-boot-autoconfigure-3.3.7.jar:/Users/astregis/.m2/repository/org/springframework/boot/spring-boot-starter-test/3.3.7/spring-boot-starter-test-3.3.7.jar:/Users/astregis/.m2/repository/org/springframework/boot/spring-boot-test/3.3.7/spring-boot-test-3.3.7.jar:/Users/astregis/.m2/repository/org/springframework/boot/spring-boot-test-autoconfigure/3.3.7/spring-boot-test-autoconfigure-3.3.7.jar:/Users/astregis/.m2/repository/com/jayway/jsonpath/json-path/2.9.0/json-path-2.9.0.jar:/Users/astregis/.m2/repository/org/slf4j/slf4j-api/2.0.16/slf4j-api-2.0.16.jar:/Users/astregis/.m2/repository/jakarta/xml/bind/jakarta.xml.bind-api/4.0.2/jakarta.xml.bind-api-4.0.2.jar:/Users/astregis/.m2/repository/jakarta/activation/jakarta.activation-api/2.1.3/jakarta.activation-api-2.1.3.jar:/Users/astregis/.m2/repository/net/minidev/json-smart/2.5.1/json-smart-2.5.1.jar:/Users/astregis/.m2/repository/net/minidev/accessors-smart/2.5.1/accessors-smart-2.5.1.jar:/Users/astregis/.m2/repository/org/ow2/asm/asm/9.6/asm-9.6.jar:/Users/astregis/.m2/repository/org/assertj/assertj-core/3.25.3/assertj-core-3.25.3.jar:/Users/astregis/.m2/repository/net/bytebuddy/byte-buddy/1.14.19/byte-buddy-1.14.19.jar:/Users/astregis/.m2/repository/org/awaitility/awaitility/4.2.2/awaitility-4.2.2.jar:/Users/astregis/.m2/repository/org/hamcrest/hamcrest/2.2/hamcrest-2.2.jar:/Users/astregis/.m2/repository/org/junit/jupiter/junit-jupiter/5.10.5/junit-jupiter-5.10.5.jar:/Users/astregis/.m2/repository/org/junit/jupiter/junit-jupiter-api/5.10.5/junit-jupiter-api-5.10.5.jar:/Users/astregis/.m2/repository/org/opentest4j/opentest4j/1.3.0/opentest4j-1.3.0.jar:/Users/astregis/.m2/repository/org/junit/platform/junit-platform-commons/1.10.5/junit-platform-commons-1.10.5.jar:/Users/astregis/.m2/repository/org/apiguardian/apiguardian-api/1.1.2/apiguardian-api-1.1.2.jar:/Users/astregis/.m2/repository/org/junit/jupiter/junit-jupiter-params/5.10.5/junit-jupiter-params-5.10.5.jar:/Users/astregis/.m2/repository/org/junit/jupiter/junit-jupiter-engine/5.10.5/junit-jupiter-engine-5.10.5.jar:/Users/astregis/.m2/repository/org/junit/platform/junit-platform-engine/1.10.5/junit-platform-engine-1.10.5.jar:/Users/astregis/.m2/repository/org/mockito/mockito-core/5.11.0/mockito-core-5.11.0.jar:/Users/astregis/.m2/repository/net/bytebuddy/byte-buddy-agent/1.14.19/byte-buddy-agent-1.14.19.jar:/Users/astregis/.m2/repository/org/objenesis/objenesis/3.3/objenesis-3.3.jar:/Users/astregis/.m2/repository/org/mockito/mockito-junit-jupiter/5.11.0/mockito-junit-jupiter-5.11.0.jar:/Users/astregis/.m2/repository/org/skyscreamer/jsonassert/1.5.3/jsonassert-1.5.3.jar:/Users/astregis/.m2/repository/com/vaadin/external/google/android-json/0.0.20131108.vaadin1/android-json-0.0.20131108.vaadin1.jar:/Users/astregis/.m2/repository/org/springframework/spring-core/6.1.16/spring-core-6.1.16.jar:/Users/astregis/.m2/repository/org/springframework/spring-jcl/6.1.16/spring-jcl-6.1.16.jar:/Users/astregis/.m2/repository/org/springframework/spring-test/6.1.16/spring-test-6.1.16.jar:/Users/astregis/.m2/repository/org/xmlunit/xmlunit-core/2.9.1/xmlunit-core-2.9.1.jar:/Users/astregis/.m2/repository/org/springframework/boot/spring-boot-starter-security/3.3.7/spring-boot-starter-security-3.3.7.jar:/Users/astregis/.m2/repository/org/springframework/spring-aop/6.1.16/spring-aop-6.1.16.jar:/Users/astregis/.m2/repository/org/springframework/security/spring-security-config/6.3.6/spring-security-config-6.3.6.jar:/Users/astregis/.m2/repository/org/springframework/security/spring-security-core/6.3.6/spring-security-core-6.3.6.jar:/Users/astregis/.m2/repository/org/springframework/security/spring-security-crypto/6.3.6/spring-security-crypto-6.3.6.jar:/Users/astregis/.m2/repository/org/springframework/security/spring-security-web/6.3.6/spring-security-web-6.3.6.jar:/Users/astregis/.m2/repository/org/springframework/boot/spring-boot-starter-data-jpa/3.3.7/spring-boot-starter-data-jpa-3.3.7.jar:/Users/astregis/.m2/repository/org/springframework/boot/spring-boot-starter-aop/3.3.7/spring-boot-starter-aop-3.3.7.jar:/Users/astregis/.m2/repository/org/aspectj/aspectjweaver/1.9.22.1/aspectjweaver-1.9.22.1.jar:/Users/astregis/.m2/repository/org/springframework/boot/spring-boot-starter-jdbc/3.3.7/spring-boot-starter-jdbc-3.3.7.jar:/Users/astregis/.m2/repository/com/zaxxer/HikariCP/5.1.0/HikariCP-5.1.0.jar:/Users/astregis/.m2/repository/org/springframework/spring-jdbc/6.1.16/spring-jdbc-6.1.16.jar:/Users/astregis/.m2/repository/org/hibernate/orm/hibernate-core/6.5.3.Final/hibernate-core-6.5.3.Final.jar:/Users/astregis/.m2/repository/jakarta/persistence/jakarta.persistence-api/3.1.0/jakarta.persistence-api-3.1.0.jar:/Users/astregis/.m2/repository/jakarta/transaction/jakarta.transaction-api/2.0.1/jakarta.transaction-api-2.0.1.jar:/Users/astregis/.m2/repository/org/jboss/logging/jboss-logging/3.5.3.Final/jboss-logging-3.5.3.Final.jar:/Users/astregis/.m2/repository/org/hibernate/common/hibernate-commons-annotations/6.0.6.Final/hibernate-commons-annotations-6.0.6.Final.jar:/Users/astregis/.m2/repository/io/smallrye/jandex/3.1.2/jandex-3.1.2.jar:/Users/astregis/.m2/repository/com/fasterxml/classmate/1.7.0/classmate-1.7.0.jar:/Users/astregis/.m2/repository/org/glassfish/jaxb/jaxb-runtime/4.0.5/jaxb-runtime-4.0.5.jar:/Users/astregis/.m2/repository/org/glassfish/jaxb/jaxb-core/4.0.5/jaxb-core-4.0.5.jar:/Users/astregis/.m2/repository/org/eclipse/angus/angus-activation/2.0.2/angus-activation-2.0.2.jar:/Users/astregis/.m2/repository/org/glassfish/jaxb/txw2/4.0.5/txw2-4.0.5.jar:/Users/astregis/.m2/repository/com/sun/istack/istack-commons-runtime/4.1.2/istack-commons-runtime-4.1.2.jar:/Users/astregis/.m2/repository/jakarta/inject/jakarta.inject-api/2.0.1/jakarta.inject-api-2.0.1.jar:/Users/astregis/.m2/repository/org/antlr/antlr4-runtime/4.13.0/antlr4-runtime-4.13.0.jar:/Users/astregis/.m2/repository/org/springframework/data/spring-data-jpa/3.3.7/spring-data-jpa-3.3.7.jar:/Users/astregis/.m2/repository/org/springframework/data/spring-data-commons/3.3.7/spring-data-commons-3.3.7.jar:/Users/astregis/.m2/repository/org/springframework/spring-orm/6.1.16/spring-orm-6.1.16.jar:/Users/astregis/.m2/repository/org/springframework/spring-tx/6.1.16/spring-tx-6.1.16.jar:/Users/astregis/.m2/repository/org/springframework/spring-aspects/6.1.16/spring-aspects-6.1.16.jar:/Users/astregis/.m2/repository/com/h2database/h2/2.2.224/h2-2.2.224.jar:/Users/astregis/.m2/repository/org/camunda/bpm/springboot/camunda-bpm-spring-boot-starter-webapp/7.22.0/camunda-bpm-spring-boot-starter-webapp-7.22.0.jar:/Users/astregis/.m2/repository/org/camunda/bpm/springboot/camunda-bpm-spring-boot-starter-webapp-core/7.22.0/camunda-bpm-spring-boot-starter-webapp-core-7.22.0.jar:/Users/astregis/.m2/repository/org/camunda/bpm/webapp/camunda-webapp-jakarta/7.22.0/camunda-webapp-jakarta-7.22.0-classes.jar:/Users/astregis/.m2/repository/org/camunda/commons/camunda-commons-logging/7.22.0/camunda-commons-logging-7.22.0.jar:/Users/astregis/.m2/repository/org/camunda/bpm/webapp/camunda-webapp-webjar/7.22.0/camunda-webapp-webjar-7.22.0.jar:/Users/astregis/.m2/repository/org/camunda/bpm/springboot/camunda-bpm-spring-boot-starter-rest/7.22.0/camunda-bpm-spring-boot-starter-rest-7.22.0.jar:/Users/astregis/.m2/repository/org/camunda/bpm/springboot/camunda-bpm-spring-boot-starter/7.22.0/camunda-bpm-spring-boot-starter-7.22.0.jar:/Users/astregis/.m2/repository/org/camunda/bpm/camunda-engine-spring-6/7.22.0/camunda-engine-spring-6-7.22.0.jar:/Users/astregis/.m2/repository/org/camunda/bpm/camunda-engine/7.22.0/camunda-engine-7.22.0.jar:/Users/astregis/.m2/repository/org/camunda/bpm/model/camunda-bpmn-model/7.22.0/camunda-bpmn-model-7.22.0.jar:/Users/astregis/.m2/repository/org/camunda/bpm/model/camunda-xml-model/7.22.0/camunda-xml-model-7.22.0.jar:/Users/astregis/.m2/repository/org/camunda/bpm/model/camunda-cmmn-model/7.22.0/camunda-cmmn-model-7.22.0.jar:/Users/astregis/.m2/repository/org/camunda/bpm/juel/camunda-juel/7.22.0/camunda-juel-7.22.0.jar:/Users/astregis/.m2/repository/org/camunda/bpm/dmn/camunda-engine-dmn/7.22.0/camunda-engine-dmn-7.22.0.jar:/Users/astregis/.m2/repository/org/camunda/commons/camunda-commons-utils/7.22.0/camunda-commons-utils-7.22.0.jar:/Users/astregis/.m2/repository/org/camunda/bpm/model/camunda-dmn-model/7.22.0/camunda-dmn-model-7.22.0.jar:/Users/astregis/.m2/repository/org/camunda/bpm/dmn/camunda-engine-feel-api/7.22.0/camunda-engine-feel-api-7.22.0.jar:/Users/astregis/.m2/repository/org/camunda/bpm/dmn/camunda-engine-feel-juel/7.22.0/camunda-engine-feel-juel-7.22.0.jar:/Users/astregis/.m2/repository/org/camunda/bpm/dmn/camunda-engine-feel-scala/7.22.0/camunda-engine-feel-scala-7.22.0.jar:/Users/astregis/.m2/repository/org/camunda/feel/feel-engine/1.17.5/feel-engine-1.17.5-scala-shaded.jar:/Users/astregis/.m2/repository/org/camunda/commons/camunda-commons-typed-values/7.22.0/camunda-commons-typed-values-7.22.0.jar:/Users/astregis/.m2/repository/org/mybatis/mybatis/3.5.15/mybatis-3.5.15.jar:/Users/astregis/.m2/repository/joda-time/joda-time/2.12.5/joda-time-2.12.5.jar:/Users/astregis/.m2/repository/org/apache/commons/commons-lang3/3.14.0/commons-lang3-3.14.0.jar:/Users/astregis/.m2/repository/com/fasterxml/uuid/java-uuid-generator/4.3.0/java-uuid-generator-4.3.0.jar:/Users/astregis/.m2/repository/com/sun/xml/bind/jaxb-impl/4.0.5/jaxb-impl-4.0.5.jar:/Users/astregis/.m2/repository/com/sun/xml/bind/jaxb-core/4.0.5/jaxb-core-4.0.5.jar:/Users/astregis/.m2/repository/org/camunda/bpm/camunda-engine-rest-core-jakarta/7.22.0/camunda-engine-rest-core-jakarta-7.22.0.jar:/Users/astregis/.m2/repository/commons-fileupload/commons-fileupload/1.5/commons-fileupload-1.5.jar:/Users/astregis/.m2/repository/commons-io/commons-io/2.8.0/commons-io-2.8.0.jar:/Users/astregis/.m2/repository/com/fasterxml/jackson/jakarta/rs/jackson-jakarta-rs-json-provider/2.17.3/jackson-jakarta-rs-json-provider-2.17.3.jar:/Users/astregis/.m2/repository/com/fasterxml/jackson/jakarta/rs/jackson-jakarta-rs-base/2.17.3/jackson-jakarta-rs-base-2.17.3.jar:/Users/astregis/.m2/repository/com/fasterxml/jackson/module/jackson-module-jakarta-xmlbind-annotations/2.17.3/jackson-module-jakarta-xmlbind-annotations-2.17.3.jar:/Users/astregis/.m2/repository/org/springframework/boot/spring-boot-starter-jersey/3.3.7/spring-boot-starter-jersey-3.3.7.jar:/Users/astregis/.m2/repository/org/springframework/boot/spring-boot-starter-validation/3.3.7/spring-boot-starter-validation-3.3.7.jar:/Users/astregis/.m2/repository/org/hibernate/validator/hibernate-validator/8.0.2.Final/hibernate-validator-8.0.2.Final.jar:/Users/astregis/.m2/repository/org/glassfish/jersey/containers/jersey-container-servlet-core/3.1.9/jersey-container-servlet-core-3.1.9.jar:/Users/astregis/.m2/repository/org/glassfish/jersey/core/jersey-common/3.1.9/jersey-common-3.1.9.jar:/Users/astregis/.m2/repository/org/glassfish/hk2/osgi-resource-locator/1.0.3/osgi-resource-locator-1.0.3.jar:/Users/astregis/.m2/repository/jakarta/ws/rs/jakarta.ws.rs-api/3.1.0/jakarta.ws.rs-api-3.1.0.jar:/Users/astregis/.m2/repository/org/glassfish/jersey/containers/jersey-container-servlet/3.1.9/jersey-container-servlet-3.1.9.jar:/Users/astregis/.m2/repository/org/glassfish/jersey/core/jersey-server/3.1.9/jersey-server-3.1.9.jar:/Users/astregis/.m2/repository/org/glassfish/jersey/core/jersey-client/3.1.9/jersey-client-3.1.9.jar:/Users/astregis/.m2/repository/jakarta/validation/jakarta.validation-api/3.0.2/jakarta.validation-api-3.0.2.jar:/Users/astregis/.m2/repository/org/glassfish/jersey/ext/jersey-bean-validation/3.1.9/jersey-bean-validation-3.1.9.jar:/Users/astregis/.m2/repository/org/glassfish/expressly/expressly/5.0.0/expressly-5.0.0.jar:/Users/astregis/.m2/repository/org/glassfish/jersey/ext/jersey-spring6/3.1.9/jersey-spring6-3.1.9.jar:/Users/astregis/.m2/repository/org/glassfish/jersey/inject/jersey-hk2/3.1.9/jersey-hk2-3.1.9.jar:/Users/astregis/.m2/repository/org/glassfish/hk2/hk2-locator/3.0.6/hk2-locator-3.0.6.jar:/Users/astregis/.m2/repository/org/glassfish/hk2/external/aopalliance-repackaged/3.0.6/aopalliance-repackaged-3.0.6.jar:/Users/astregis/.m2/repository/org/javassist/javassist/3.30.2-GA/javassist-3.30.2-GA.jar:/Users/astregis/.m2/repository/org/glassfish/hk2/hk2/3.0.6/hk2-3.0.6.jar:/Users/astregis/.m2/repository/org/glassfish/hk2/hk2-utils/3.0.6/hk2-utils-3.0.6.jar:/Users/astregis/.m2/repository/org/glassfish/hk2/hk2-api/3.0.6/hk2-api-3.0.6.jar:/Users/astregis/.m2/repository/org/glassfish/hk2/hk2-core/3.0.6/hk2-core-3.0.6.jar:/Users/astregis/.m2/repository/org/glassfish/hk2/hk2-runlevel/3.0.6/hk2-runlevel-3.0.6.jar:/Users/astregis/.m2/repository/org/glassfish/hk2/class-model/3.0.6/class-model-3.0.6.jar:/Users/astregis/.m2/repository/org/ow2/asm/asm-commons/9.6/asm-commons-9.6.jar:/Users/astregis/.m2/repository/org/glassfish/hk2/spring-bridge/3.0.6/spring-bridge-3.0.6.jar:/Users/astregis/.m2/repository/org/glassfish/jersey/media/jersey-media-json-jackson/3.1.9/jersey-media-json-jackson-3.1.9.jar:/Users/astregis/.m2/repository/org/glassfish/jersey/ext/jersey-entity-filtering/3.1.9/jersey-entity-filtering-3.1.9.jar:"/>
    <property name="java.vm.vendor" value="Oracle Corporation"/>
    <property name="sun.arch.data.model" value="64"/>
    <property name="java.vendor.url" value="https://java.oracle.com/"/>
    <property name="user.timezone" value="Asia/Dubai"/>
    <property name="org.jboss.logging.provider" value="slf4j"/>
    <property name="os.name" value="Mac OS X"/>
    <property name="java.vm.specification.version" value="17"/>
    <property name="sun.java.launcher" value="SUN_STANDARD"/>
    <property name="user.country" value="IN"/>
    <property name="sun.boot.library.path" value="/Users/astregis/Documents/myCode/jdk-17.0.13.jdk/Contents/Home/lib"/>
    <property name="sun.java.command" value="/Users/astregis/Documents/mandate-domain/mandate-backend/target/surefire/surefirebooter-20241230120239454_3.jar /Users/astregis/Documents/mandate-domain/mandate-backend/target/surefire 2024-12-30T12-02-39_371-jvmRun1 surefire-20241230120239454_1tmp surefire_0-20241230120239454_2tmp"/>
    <property name="jdk.debug" value="release"/>
    <property name="surefire.test.class.path" value="/Users/astregis/Documents/mandate-domain/mandate-backend/target/test-classes:/Users/astregis/Documents/mandate-domain/mandate-backend/target/classes:/Users/astregis/.m2/repository/org/springframework/boot/spring-boot-starter-actuator/3.3.7/spring-boot-starter-actuator-3.3.7.jar:/Users/astregis/.m2/repository/org/springframework/boot/spring-boot-starter/3.3.7/spring-boot-starter-3.3.7.jar:/Users/astregis/.m2/repository/org/springframework/boot/spring-boot-starter-logging/3.3.7/spring-boot-starter-logging-3.3.7.jar:/Users/astregis/.m2/repository/ch/qos/logback/logback-classic/1.5.12/logback-classic-1.5.12.jar:/Users/astregis/.m2/repository/ch/qos/logback/logback-core/1.5.12/logback-core-1.5.12.jar:/Users/astregis/.m2/repository/org/apache/logging/log4j/log4j-to-slf4j/2.23.1/log4j-to-slf4j-2.23.1.jar:/Users/astregis/.m2/repository/org/apache/logging/log4j/log4j-api/2.23.1/log4j-api-2.23.1.jar:/Users/astregis/.m2/repository/org/slf4j/jul-to-slf4j/2.0.16/jul-to-slf4j-2.0.16.jar:/Users/astregis/.m2/repository/jakarta/annotation/jakarta.annotation-api/2.1.1/jakarta.annotation-api-2.1.1.jar:/Users/astregis/.m2/repository/org/yaml/snakeyaml/2.2/snakeyaml-2.2.jar:/Users/astregis/.m2/repository/org/springframework/boot/spring-boot-actuator-autoconfigure/3.3.7/spring-boot-actuator-autoconfigure-3.3.7.jar:/Users/astregis/.m2/repository/org/springframework/boot/spring-boot-actuator/3.3.7/spring-boot-actuator-3.3.7.jar:/Users/astregis/.m2/repository/com/fasterxml/jackson/core/jackson-databind/2.17.3/jackson-databind-2.17.3.jar:/Users/astregis/.m2/repository/com/fasterxml/jackson/core/jackson-annotations/2.17.3/jackson-annotations-2.17.3.jar:/Users/astregis/.m2/repository/com/fasterxml/jackson/core/jackson-core/2.17.3/jackson-core-2.17.3.jar:/Users/astregis/.m2/repository/com/fasterxml/jackson/datatype/jackson-datatype-jsr310/2.17.3/jackson-datatype-jsr310-2.17.3.jar:/Users/astregis/.m2/repository/io/micrometer/micrometer-observation/1.13.9/micrometer-observation-1.13.9.jar:/Users/astregis/.m2/repository/io/micrometer/micrometer-commons/1.13.9/micrometer-commons-1.13.9.jar:/Users/astregis/.m2/repository/io/micrometer/micrometer-jakarta9/1.13.9/micrometer-jakarta9-1.13.9.jar:/Users/astregis/.m2/repository/io/micrometer/micrometer-core/1.13.9/micrometer-core-1.13.9.jar:/Users/astregis/.m2/repository/org/hdrhistogram/HdrHistogram/2.2.2/HdrHistogram-2.2.2.jar:/Users/astregis/.m2/repository/org/latencyutils/LatencyUtils/2.0.3/LatencyUtils-2.0.3.jar:/Users/astregis/.m2/repository/org/springframework/boot/spring-boot-starter-web/3.3.7/spring-boot-starter-web-3.3.7.jar:/Users/astregis/.m2/repository/org/springframework/boot/spring-boot-starter-json/3.3.7/spring-boot-starter-json-3.3.7.jar:/Users/astregis/.m2/repository/com/fasterxml/jackson/datatype/jackson-datatype-jdk8/2.17.3/jackson-datatype-jdk8-2.17.3.jar:/Users/astregis/.m2/repository/com/fasterxml/jackson/module/jackson-module-parameter-names/2.17.3/jackson-module-parameter-names-2.17.3.jar:/Users/astregis/.m2/repository/org/springframework/boot/spring-boot-starter-tomcat/3.3.7/spring-boot-starter-tomcat-3.3.7.jar:/Users/astregis/.m2/repository/org/apache/tomcat/embed/tomcat-embed-core/10.1.34/tomcat-embed-core-10.1.34.jar:/Users/astregis/.m2/repository/org/apache/tomcat/embed/tomcat-embed-el/10.1.34/tomcat-embed-el-10.1.34.jar:/Users/astregis/.m2/repository/org/apache/tomcat/embed/tomcat-embed-websocket/10.1.34/tomcat-embed-websocket-10.1.34.jar:/Users/astregis/.m2/repository/org/springframework/spring-web/6.1.16/spring-web-6.1.16.jar:/Users/astregis/.m2/repository/org/springframework/spring-beans/6.1.16/spring-beans-6.1.16.jar:/Users/astregis/.m2/repository/org/springframework/spring-webmvc/6.1.16/spring-webmvc-6.1.16.jar:/Users/astregis/.m2/repository/org/springframework/spring-context/6.1.16/spring-context-6.1.16.jar:/Users/astregis/.m2/repository/org/springframework/spring-expression/6.1.16/spring-expression-6.1.16.jar:/Users/astregis/.m2/repository/org/springframework/boot/spring-boot-devtools/3.3.7/spring-boot-devtools-3.3.7.jar:/Users/astregis/.m2/repository/org/springframework/boot/spring-boot/3.3.7/spring-boot-3.3.7.jar:/Users/astregis/.m2/repository/org/springframework/boot/spring-boot-autoconfigure/3.3.7/spring-boot-autoconfigure-3.3.7.jar:/Users/astregis/.m2/repository/org/springframework/boot/spring-boot-starter-test/3.3.7/spring-boot-starter-test-3.3.7.jar:/Users/astregis/.m2/repository/org/springframework/boot/spring-boot-test/3.3.7/spring-boot-test-3.3.7.jar:/Users/astregis/.m2/repository/org/springframework/boot/spring-boot-test-autoconfigure/3.3.7/spring-boot-test-autoconfigure-3.3.7.jar:/Users/astregis/.m2/repository/com/jayway/jsonpath/json-path/2.9.0/json-path-2.9.0.jar:/Users/astregis/.m2/repository/org/slf4j/slf4j-api/2.0.16/slf4j-api-2.0.16.jar:/Users/astregis/.m2/repository/jakarta/xml/bind/jakarta.xml.bind-api/4.0.2/jakarta.xml.bind-api-4.0.2.jar:/Users/astregis/.m2/repository/jakarta/activation/jakarta.activation-api/2.1.3/jakarta.activation-api-2.1.3.jar:/Users/astregis/.m2/repository/net/minidev/json-smart/2.5.1/json-smart-2.5.1.jar:/Users/astregis/.m2/repository/net/minidev/accessors-smart/2.5.1/accessors-smart-2.5.1.jar:/Users/astregis/.m2/repository/org/ow2/asm/asm/9.6/asm-9.6.jar:/Users/astregis/.m2/repository/org/assertj/assertj-core/3.25.3/assertj-core-3.25.3.jar:/Users/astregis/.m2/repository/net/bytebuddy/byte-buddy/1.14.19/byte-buddy-1.14.19.jar:/Users/astregis/.m2/repository/org/awaitility/awaitility/4.2.2/awaitility-4.2.2.jar:/Users/astregis/.m2/repository/org/hamcrest/hamcrest/2.2/hamcrest-2.2.jar:/Users/astregis/.m2/repository/org/junit/jupiter/junit-jupiter/5.10.5/junit-jupiter-5.10.5.jar:/Users/astregis/.m2/repository/org/junit/jupiter/junit-jupiter-api/5.10.5/junit-jupiter-api-5.10.5.jar:/Users/astregis/.m2/repository/org/opentest4j/opentest4j/1.3.0/opentest4j-1.3.0.jar:/Users/astregis/.m2/repository/org/junit/platform/junit-platform-commons/1.10.5/junit-platform-commons-1.10.5.jar:/Users/astregis/.m2/repository/org/apiguardian/apiguardian-api/1.1.2/apiguardian-api-1.1.2.jar:/Users/astregis/.m2/repository/org/junit/jupiter/junit-jupiter-params/5.10.5/junit-jupiter-params-5.10.5.jar:/Users/astregis/.m2/repository/org/junit/jupiter/junit-jupiter-engine/5.10.5/junit-jupiter-engine-5.10.5.jar:/Users/astregis/.m2/repository/org/junit/platform/junit-platform-engine/1.10.5/junit-platform-engine-1.10.5.jar:/Users/astregis/.m2/repository/org/mockito/mockito-core/5.11.0/mockito-core-5.11.0.jar:/Users/astregis/.m2/repository/net/bytebuddy/byte-buddy-agent/1.14.19/byte-buddy-agent-1.14.19.jar:/Users/astregis/.m2/repository/org/objenesis/objenesis/3.3/objenesis-3.3.jar:/Users/astregis/.m2/repository/org/mockito/mockito-junit-jupiter/5.11.0/mockito-junit-jupiter-5.11.0.jar:/Users/astregis/.m2/repository/org/skyscreamer/jsonassert/1.5.3/jsonassert-1.5.3.jar:/Users/astregis/.m2/repository/com/vaadin/external/google/android-json/0.0.20131108.vaadin1/android-json-0.0.20131108.vaadin1.jar:/Users/astregis/.m2/repository/org/springframework/spring-core/6.1.16/spring-core-6.1.16.jar:/Users/astregis/.m2/repository/org/springframework/spring-jcl/6.1.16/spring-jcl-6.1.16.jar:/Users/astregis/.m2/repository/org/springframework/spring-test/6.1.16/spring-test-6.1.16.jar:/Users/astregis/.m2/repository/org/xmlunit/xmlunit-core/2.9.1/xmlunit-core-2.9.1.jar:/Users/astregis/.m2/repository/org/springframework/boot/spring-boot-starter-security/3.3.7/spring-boot-starter-security-3.3.7.jar:/Users/astregis/.m2/repository/org/springframework/spring-aop/6.1.16/spring-aop-6.1.16.jar:/Users/astregis/.m2/repository/org/springframework/security/spring-security-config/6.3.6/spring-security-config-6.3.6.jar:/Users/astregis/.m2/repository/org/springframework/security/spring-security-core/6.3.6/spring-security-core-6.3.6.jar:/Users/astregis/.m2/repository/org/springframework/security/spring-security-crypto/6.3.6/spring-security-crypto-6.3.6.jar:/Users/astregis/.m2/repository/org/springframework/security/spring-security-web/6.3.6/spring-security-web-6.3.6.jar:/Users/astregis/.m2/repository/org/springframework/boot/spring-boot-starter-data-jpa/3.3.7/spring-boot-starter-data-jpa-3.3.7.jar:/Users/astregis/.m2/repository/org/springframework/boot/spring-boot-starter-aop/3.3.7/spring-boot-starter-aop-3.3.7.jar:/Users/astregis/.m2/repository/org/aspectj/aspectjweaver/1.9.22.1/aspectjweaver-1.9.22.1.jar:/Users/astregis/.m2/repository/org/springframework/boot/spring-boot-starter-jdbc/3.3.7/spring-boot-starter-jdbc-3.3.7.jar:/Users/astregis/.m2/repository/com/zaxxer/HikariCP/5.1.0/HikariCP-5.1.0.jar:/Users/astregis/.m2/repository/org/springframework/spring-jdbc/6.1.16/spring-jdbc-6.1.16.jar:/Users/astregis/.m2/repository/org/hibernate/orm/hibernate-core/6.5.3.Final/hibernate-core-6.5.3.Final.jar:/Users/astregis/.m2/repository/jakarta/persistence/jakarta.persistence-api/3.1.0/jakarta.persistence-api-3.1.0.jar:/Users/astregis/.m2/repository/jakarta/transaction/jakarta.transaction-api/2.0.1/jakarta.transaction-api-2.0.1.jar:/Users/astregis/.m2/repository/org/jboss/logging/jboss-logging/3.5.3.Final/jboss-logging-3.5.3.Final.jar:/Users/astregis/.m2/repository/org/hibernate/common/hibernate-commons-annotations/6.0.6.Final/hibernate-commons-annotations-6.0.6.Final.jar:/Users/astregis/.m2/repository/io/smallrye/jandex/3.1.2/jandex-3.1.2.jar:/Users/astregis/.m2/repository/com/fasterxml/classmate/1.7.0/classmate-1.7.0.jar:/Users/astregis/.m2/repository/org/glassfish/jaxb/jaxb-runtime/4.0.5/jaxb-runtime-4.0.5.jar:/Users/astregis/.m2/repository/org/glassfish/jaxb/jaxb-core/4.0.5/jaxb-core-4.0.5.jar:/Users/astregis/.m2/repository/org/eclipse/angus/angus-activation/2.0.2/angus-activation-2.0.2.jar:/Users/astregis/.m2/repository/org/glassfish/jaxb/txw2/4.0.5/txw2-4.0.5.jar:/Users/astregis/.m2/repository/com/sun/istack/istack-commons-runtime/4.1.2/istack-commons-runtime-4.1.2.jar:/Users/astregis/.m2/repository/jakarta/inject/jakarta.inject-api/2.0.1/jakarta.inject-api-2.0.1.jar:/Users/astregis/.m2/repository/org/antlr/antlr4-runtime/4.13.0/antlr4-runtime-4.13.0.jar:/Users/astregis/.m2/repository/org/springframework/data/spring-data-jpa/3.3.7/spring-data-jpa-3.3.7.jar:/Users/astregis/.m2/repository/org/springframework/data/spring-data-commons/3.3.7/spring-data-commons-3.3.7.jar:/Users/astregis/.m2/repository/org/springframework/spring-orm/6.1.16/spring-orm-6.1.16.jar:/Users/astregis/.m2/repository/org/springframework/spring-tx/6.1.16/spring-tx-6.1.16.jar:/Users/astregis/.m2/repository/org/springframework/spring-aspects/6.1.16/spring-aspects-6.1.16.jar:/Users/astregis/.m2/repository/com/h2database/h2/2.2.224/h2-2.2.224.jar:/Users/astregis/.m2/repository/org/camunda/bpm/springboot/camunda-bpm-spring-boot-starter-webapp/7.22.0/camunda-bpm-spring-boot-starter-webapp-7.22.0.jar:/Users/astregis/.m2/repository/org/camunda/bpm/springboot/camunda-bpm-spring-boot-starter-webapp-core/7.22.0/camunda-bpm-spring-boot-starter-webapp-core-7.22.0.jar:/Users/astregis/.m2/repository/org/camunda/bpm/webapp/camunda-webapp-jakarta/7.22.0/camunda-webapp-jakarta-7.22.0-classes.jar:/Users/astregis/.m2/repository/org/camunda/commons/camunda-commons-logging/7.22.0/camunda-commons-logging-7.22.0.jar:/Users/astregis/.m2/repository/org/camunda/bpm/webapp/camunda-webapp-webjar/7.22.0/camunda-webapp-webjar-7.22.0.jar:/Users/astregis/.m2/repository/org/camunda/bpm/springboot/camunda-bpm-spring-boot-starter-rest/7.22.0/camunda-bpm-spring-boot-starter-rest-7.22.0.jar:/Users/astregis/.m2/repository/org/camunda/bpm/springboot/camunda-bpm-spring-boot-starter/7.22.0/camunda-bpm-spring-boot-starter-7.22.0.jar:/Users/astregis/.m2/repository/org/camunda/bpm/camunda-engine-spring-6/7.22.0/camunda-engine-spring-6-7.22.0.jar:/Users/astregis/.m2/repository/org/camunda/bpm/camunda-engine/7.22.0/camunda-engine-7.22.0.jar:/Users/astregis/.m2/repository/org/camunda/bpm/model/camunda-bpmn-model/7.22.0/camunda-bpmn-model-7.22.0.jar:/Users/astregis/.m2/repository/org/camunda/bpm/model/camunda-xml-model/7.22.0/camunda-xml-model-7.22.0.jar:/Users/astregis/.m2/repository/org/camunda/bpm/model/camunda-cmmn-model/7.22.0/camunda-cmmn-model-7.22.0.jar:/Users/astregis/.m2/repository/org/camunda/bpm/juel/camunda-juel/7.22.0/camunda-juel-7.22.0.jar:/Users/astregis/.m2/repository/org/camunda/bpm/dmn/camunda-engine-dmn/7.22.0/camunda-engine-dmn-7.22.0.jar:/Users/astregis/.m2/repository/org/camunda/commons/camunda-commons-utils/7.22.0/camunda-commons-utils-7.22.0.jar:/Users/astregis/.m2/repository/org/camunda/bpm/model/camunda-dmn-model/7.22.0/camunda-dmn-model-7.22.0.jar:/Users/astregis/.m2/repository/org/camunda/bpm/dmn/camunda-engine-feel-api/7.22.0/camunda-engine-feel-api-7.22.0.jar:/Users/astregis/.m2/repository/org/camunda/bpm/dmn/camunda-engine-feel-juel/7.22.0/camunda-engine-feel-juel-7.22.0.jar:/Users/astregis/.m2/repository/org/camunda/bpm/dmn/camunda-engine-feel-scala/7.22.0/camunda-engine-feel-scala-7.22.0.jar:/Users/astregis/.m2/repository/org/camunda/feel/feel-engine/1.17.5/feel-engine-1.17.5-scala-shaded.jar:/Users/astregis/.m2/repository/org/camunda/commons/camunda-commons-typed-values/7.22.0/camunda-commons-typed-values-7.22.0.jar:/Users/astregis/.m2/repository/org/mybatis/mybatis/3.5.15/mybatis-3.5.15.jar:/Users/astregis/.m2/repository/joda-time/joda-time/2.12.5/joda-time-2.12.5.jar:/Users/astregis/.m2/repository/org/apache/commons/commons-lang3/3.14.0/commons-lang3-3.14.0.jar:/Users/astregis/.m2/repository/com/fasterxml/uuid/java-uuid-generator/4.3.0/java-uuid-generator-4.3.0.jar:/Users/astregis/.m2/repository/com/sun/xml/bind/jaxb-impl/4.0.5/jaxb-impl-4.0.5.jar:/Users/astregis/.m2/repository/com/sun/xml/bind/jaxb-core/4.0.5/jaxb-core-4.0.5.jar:/Users/astregis/.m2/repository/org/camunda/bpm/camunda-engine-rest-core-jakarta/7.22.0/camunda-engine-rest-core-jakarta-7.22.0.jar:/Users/astregis/.m2/repository/commons-fileupload/commons-fileupload/1.5/commons-fileupload-1.5.jar:/Users/astregis/.m2/repository/commons-io/commons-io/2.8.0/commons-io-2.8.0.jar:/Users/astregis/.m2/repository/com/fasterxml/jackson/jakarta/rs/jackson-jakarta-rs-json-provider/2.17.3/jackson-jakarta-rs-json-provider-2.17.3.jar:/Users/astregis/.m2/repository/com/fasterxml/jackson/jakarta/rs/jackson-jakarta-rs-base/2.17.3/jackson-jakarta-rs-base-2.17.3.jar:/Users/astregis/.m2/repository/com/fasterxml/jackson/module/jackson-module-jakarta-xmlbind-annotations/2.17.3/jackson-module-jakarta-xmlbind-annotations-2.17.3.jar:/Users/astregis/.m2/repository/org/springframework/boot/spring-boot-starter-jersey/3.3.7/spring-boot-starter-jersey-3.3.7.jar:/Users/astregis/.m2/repository/org/springframework/boot/spring-boot-starter-validation/3.3.7/spring-boot-starter-validation-3.3.7.jar:/Users/astregis/.m2/repository/org/hibernate/validator/hibernate-validator/8.0.2.Final/hibernate-validator-8.0.2.Final.jar:/Users/astregis/.m2/repository/org/glassfish/jersey/containers/jersey-container-servlet-core/3.1.9/jersey-container-servlet-core-3.1.9.jar:/Users/astregis/.m2/repository/org/glassfish/jersey/core/jersey-common/3.1.9/jersey-common-3.1.9.jar:/Users/astregis/.m2/repository/org/glassfish/hk2/osgi-resource-locator/1.0.3/osgi-resource-locator-1.0.3.jar:/Users/astregis/.m2/repository/jakarta/ws/rs/jakarta.ws.rs-api/3.1.0/jakarta.ws.rs-api-3.1.0.jar:/Users/astregis/.m2/repository/org/glassfish/jersey/containers/jersey-container-servlet/3.1.9/jersey-container-servlet-3.1.9.jar:/Users/astregis/.m2/repository/org/glassfish/jersey/core/jersey-server/3.1.9/jersey-server-3.1.9.jar:/Users/astregis/.m2/repository/org/glassfish/jersey/core/jersey-client/3.1.9/jersey-client-3.1.9.jar:/Users/astregis/.m2/repository/jakarta/validation/jakarta.validation-api/3.0.2/jakarta.validation-api-3.0.2.jar:/Users/astregis/.m2/repository/org/glassfish/jersey/ext/jersey-bean-validation/3.1.9/jersey-bean-validation-3.1.9.jar:/Users/astregis/.m2/repository/org/glassfish/expressly/expressly/5.0.0/expressly-5.0.0.jar:/Users/astregis/.m2/repository/org/glassfish/jersey/ext/jersey-spring6/3.1.9/jersey-spring6-3.1.9.jar:/Users/astregis/.m2/repository/org/glassfish/jersey/inject/jersey-hk2/3.1.9/jersey-hk2-3.1.9.jar:/Users/astregis/.m2/repository/org/glassfish/hk2/hk2-locator/3.0.6/hk2-locator-3.0.6.jar:/Users/astregis/.m2/repository/org/glassfish/hk2/external/aopalliance-repackaged/3.0.6/aopalliance-repackaged-3.0.6.jar:/Users/astregis/.m2/repository/org/javassist/javassist/3.30.2-GA/javassist-3.30.2-GA.jar:/Users/astregis/.m2/repository/org/glassfish/hk2/hk2/3.0.6/hk2-3.0.6.jar:/Users/astregis/.m2/repository/org/glassfish/hk2/hk2-utils/3.0.6/hk2-utils-3.0.6.jar:/Users/astregis/.m2/repository/org/glassfish/hk2/hk2-api/3.0.6/hk2-api-3.0.6.jar:/Users/astregis/.m2/repository/org/glassfish/hk2/hk2-core/3.0.6/hk2-core-3.0.6.jar:/Users/astregis/.m2/repository/org/glassfish/hk2/hk2-runlevel/3.0.6/hk2-runlevel-3.0.6.jar:/Users/astregis/.m2/repository/org/glassfish/hk2/class-model/3.0.6/class-model-3.0.6.jar:/Users/astregis/.m2/repository/org/ow2/asm/asm-commons/9.6/asm-commons-9.6.jar:/Users/astregis/.m2/repository/org/glassfish/hk2/spring-bridge/3.0.6/spring-bridge-3.0.6.jar:/Users/astregis/.m2/repository/org/glassfish/jersey/media/jersey-media-json-jackson/3.1.9/jersey-media-json-jackson-3.1.9.jar:/Users/astregis/.m2/repository/org/glassfish/jersey/ext/jersey-entity-filtering/3.1.9/jersey-entity-filtering-3.1.9.jar:"/>
    <property name="sun.cpu.endian" value="little"/>
    <property name="user.home" value="/Users/astregis"/>
    <property name="user.language" value="en"/>
    <property name="java.specification.vendor" value="Oracle Corporation"/>
    <property name="java.version.date" value="2024-10-15"/>
    <property name="java.home" value="/Users/astregis/Documents/myCode/jdk-17.0.13.jdk/Contents/Home"/>
    <property name="file.separator" value="/"/>
    <property name="basedir" value="/Users/astregis/Documents/mandate-domain/mandate-backend"/>
    <property name="java.vm.compressedOopsMode" value="Zero based"/>
    <property name="line.separator" value="&#10;"/>
    <property name="java.specification.name" value="Java Platform API Specification"/>
    <property name="java.vm.specification.vendor" value="Oracle Corporation"/>
    <property name="FILE_LOG_CHARSET" value="UTF-8"/>
    <property name="java.awt.headless" value="true"/>
    <property name="surefire.real.class.path" value="/Users/astregis/Documents/mandate-domain/mandate-backend/target/surefire/surefirebooter-20241230120239454_3.jar"/>
    <property name="sun.management.compiler" value="HotSpot 64-Bit Tiered Compilers"/>
    <property name="java.runtime.version" value="17.0.13+10-LTS-268"/>
    <property name="user.name" value="astregis"/>
    <property name="path.separator" value=":"/>
    <property name="os.version" value="13.6.9"/>
    <property name="java.runtime.name" value="Java(TM) SE Runtime Environment"/>
    <property name="file.encoding" value="UTF-8"/>
    <property name="java.vm.name" value="Java HotSpot(TM) 64-Bit Server VM"/>
    <property name="localRepository" value="/Users/astregis/.m2/repository"/>
    <property name="java.vendor.url.bug" value="https://bugreport.java.com/bugreport/"/>
    <property name="java.io.tmpdir" value="/var/folders/w6/y371dz6n04g1l7mpdfd8nh440000gn/T/"/>
    <property name="com.zaxxer.hikari.pool_number" value="1"/>
    <property name="java.version" value="17.0.13"/>
    <property name="user.dir" value="/Users/astregis/Documents/mandate-domain/mandate-backend"/>
    <property name="os.arch" value="x86_64"/>
    <property name="java.vm.specification.name" value="Java Virtual Machine Specification"/>
    <property name="PID" value="33677"/>
    <property name="CONSOLE_LOG_CHARSET" value="UTF-8"/>
    <property name="native.encoding" value="UTF-8"/>
    <property name="java.library.path" value="/Users/astregis/Library/Java/Extensions:/Library/Java/Extensions:/Network/Library/Java/Extensions:/System/Library/Java/Extensions:/usr/lib/java:."/>
    <property name="java.vm.info" value="mixed mode, sharing"/>
    <property name="java.vendor" value="Oracle Corporation"/>
    <property name="java.vm.version" value="17.0.13+10-LTS-268"/>
    <property name="java.specification.maintenance.version" value="1"/>
    <property name="sun.io.unicode.encoding" value="UnicodeBig"/>
    <property name="java.class.version" value="61.0"/>
    <property name="LOGGED_APPLICATION_NAME" value="[mandate-backend] "/>
  </properties>
  <testcase name="contextLoads" classname="com.example.mandate_backend.MandateBackendApplicationTests" time="0.476">
    <system-out><![CDATA[12:02:40.156 [main] INFO org.springframework.test.context.support.AnnotationConfigContextLoaderUtils -- Could not detect default configuration classes for test class [com.example.mandate_backend.MandateBackendApplicationTests]: MandateBackendApplicationTests does not declare any static, non-private, non-final, nested classes annotated with @Configuration.
12:02:40.256 [main] INFO org.springframework.boot.test.context.SpringBootTestContextBootstrapper -- Found @SpringBootConfiguration com.example.mandate_backend.MandateBackendApplication for test class com.example.mandate_backend.MandateBackendApplicationTests
12:02:40.390 [main] INFO org.springframework.boot.devtools.restart.RestartApplicationListener -- Restart disabled due to context in which it is running

 ____                                 _         ____  _       _    __                      
/ ___| __ _ _ __ ___  _   _ _ __   __| | __ _  |  _ \| | __ _| |_ / _| ___  _ __ _ __ ___  
| |   / _` | '_ ` _ \| | | | '_ \ / _` |/ _` | | |_) | |/ _` | __| |_ / _ \| '__| '_ ` _ \ 
| |__| (_| | | | | | | |_| | | | | (_| | (_| | |  __/| | (_| | |_|  _| (_) | |  | | | | | |
\____/\__,_|_| |_| |_|\__,_|_| |_|\__,_|\__,_| |_|   |_|\__,_|\__|_|  \___/|_|  |_| |_| |_|

  Spring-Boot:  (v3.3.7)
  Camunda Platform: (v7.22.0)
  Camunda Platform Spring Boot Starter: (v7.22.0)

2024-12-30T12:02:40.563+04:00  INFO 33677 --- [mandate-backend] [           main] c.e.m.MandateBackendApplicationTests     : Starting MandateBackendApplicationTests using Java 17.0.13 with PID 33677 (started by astregis in /Users/astregis/Documents/mandate-domain/mandate-backend)
2024-12-30T12:02:40.564+04:00  INFO 33677 --- [mandate-backend] [           main] c.e.m.MandateBackendApplicationTests     : No active profile set, falling back to 1 default profile: "default"
2024-12-30T12:02:41.280+04:00  INFO 33677 --- [mandate-backend] [           main] .s.d.r.c.RepositoryConfigurationDelegate : Bootstrapping Spring Data JPA repositories in DEFAULT mode.
2024-12-30T12:02:41.332+04:00  INFO 33677 --- [mandate-backend] [           main] .s.d.r.c.RepositoryConfigurationDelegate : Finished Spring Data repository scanning in 45 ms. Found 4 JPA repository interfaces.
2024-12-30T12:02:41.895+04:00  INFO 33677 --- [mandate-backend] [           main] com.zaxxer.hikari.HikariDataSource       : HikariPool-1 - Starting...
2024-12-30T12:02:42.037+04:00  INFO 33677 --- [mandate-backend] [           main] com.zaxxer.hikari.pool.HikariPool        : HikariPool-1 - Added connection conn0: url=jdbc:h2:mem:testdb user=SA
2024-12-30T12:02:42.038+04:00  INFO 33677 --- [mandate-backend] [           main] com.zaxxer.hikari.HikariDataSource       : HikariPool-1 - Start completed.
2024-12-30T12:02:42.125+04:00  INFO 33677 --- [mandate-backend] [           main] o.hibernate.jpa.internal.util.LogHelper  : HHH000204: Processing PersistenceUnitInfo [name: default]
2024-12-30T12:02:42.166+04:00  INFO 33677 --- [mandate-backend] [           main] org.hibernate.Version                    : HHH000412: Hibernate ORM core version 6.5.3.Final
2024-12-30T12:02:42.193+04:00  INFO 33677 --- [mandate-backend] [           main] o.h.c.internal.RegionFactoryInitiator    : HHH000026: Second-level cache disabled
2024-12-30T12:02:42.419+04:00  INFO 33677 --- [mandate-backend] [           main] o.s.o.j.p.SpringPersistenceUnitInfo      : No LoadTimeWeaver setup: ignoring JPA class transformer
2024-12-30T12:02:43.220+04:00  INFO 33677 --- [mandate-backend] [           main] o.h.e.t.j.p.i.JtaPlatformInitiator       : HHH000489: No JTA platform available (set 'hibernate.transaction.jta.platform' to enable JTA platform integration)
Hibernate: 
    drop table if exists approval_rule cascade 
Hibernate: 
    drop table if exists mandate cascade 
Hibernate: 
    drop table if exists signatories cascade 
Hibernate: 
    drop table if exists transaction cascade 
Hibernate: 
    create table approval_rule (
        required_signatories integer,
        threshold float(53),
        id bigint generated by default as identity,
        mandate_id bigint,
        rule_name varchar(255),
        primary key (id)
    )
Hibernate: 
    create table mandate (
        valid_from date,
        valid_to date,
        id bigint generated by default as identity,
        account_id varchar(255),
        status varchar(255),
        primary key (id)
    )
Hibernate: 
    create table signatories (
        id bigint generated by default as identity,
        mandate_id bigint,
        display_name varchar(255),
        role_name varchar(255),
        user_name varchar(255) not null unique,
        primary key (id)
    )
Hibernate: 
    create table transaction (
        amount float(53),
        created_on timestamp(6),
        id bigint generated by default as identity,
        mandate_id bigint,
        created_by varchar(255),
        currency varchar(255),
        status enum ('APPROVED','EXECUTED','INITIATED','PENDING_APPROVAL','REJECTED'),
        primary key (id)
    )
Hibernate: 
    alter table if exists approval_rule 
       add constraint FK549y3twm64e353mfo1k7iff04 
       foreign key (mandate_id) 
       references mandate
Hibernate: 
    alter table if exists signatories 
       add constraint FKbefpjat1rmqwqqkf9go9b2pgn 
       foreign key (mandate_id) 
       references mandate
Hibernate: 
    alter table if exists transaction 
       add constraint FKhe2f0ebcfd96xf4ltnkl5f8lc 
       foreign key (mandate_id) 
       references mandate
2024-12-30T12:02:43.260+04:00  INFO 33677 --- [mandate-backend] [           main] j.LocalContainerEntityManagerFactoryBean : Initialized JPA EntityManagerFactory for persistence unit 'default'
2024-12-30T12:02:43.623+04:00  INFO 33677 --- [mandate-backend] [           main] org.camunda.bpm.spring.boot              : STARTER-SB040 Setting up jobExecutor with corePoolSize=3, maxPoolSize:10
2024-12-30T12:02:43.724+04:00  INFO 33677 --- [mandate-backend] [           main] org.camunda.bpm.engine.cfg               : ENGINE-12003 Plugin 'CompositeProcessEnginePlugin[genericPropertiesConfiguration, camundaProcessEngineConfiguration, camundaDatasourceConfiguration, camundaJobConfiguration, camundaHistoryConfiguration, camundaMetricsConfiguration, camundaAuthorizationConfiguration, camundaDeploymentConfiguration, failedJobConfiguration, eventPublisherPlugin]' activated on process engine 'default'
2024-12-30T12:02:44.654+04:00  INFO 33677 --- [mandate-backend] [           main] org.camunda.bpm.spring.boot              : STARTER-SB021 Auto-Deploying resources: [file [/Users/astregis/Documents/mandate-domain/mandate-backend/target/classes/approvalProcess.bpmn], file [/Users/astregis/Documents/mandate-domain/mandate-backend/target/classes/approval.bpmn]]
2024-12-30T12:02:44.656+04:00  INFO 33677 --- [mandate-backend] [           main] o.c.b.s.b.s.event.EventPublisherPlugin   : EVENTING-001: Initialized Camunda Spring Boot Eventing Engine Plugin.
2024-12-30T12:02:44.656+04:00  INFO 33677 --- [mandate-backend] [           main] o.c.b.s.b.s.event.EventPublisherPlugin   : EVENTING-003: Task events will be published as Spring Events.
2024-12-30T12:02:44.656+04:00  INFO 33677 --- [mandate-backend] [           main] o.c.b.s.b.s.event.EventPublisherPlugin   : EVENTING-005: Execution events will be published as Spring Events.
2024-12-30T12:02:44.657+04:00  INFO 33677 --- [mandate-backend] [           main] o.c.b.s.b.s.event.EventPublisherPlugin   : EVENTING-009: Listeners will not be invoked if a skipCustomListeners API parameter is set to true by user.
2024-12-30T12:02:44.661+04:00  INFO 33677 --- [mandate-backend] [           main] o.c.b.s.b.s.event.EventPublisherPlugin   : EVENTING-007: History events will be published as Spring events.
2024-12-30T12:02:44.812+04:00  INFO 33677 --- [mandate-backend] [           main] org.camunda.feel.FeelEngine              : Engine created. [value-mapper: CompositeValueMapper(List(org.camunda.feel.impl.JavaValueMapper@6915b614)), function-provider: org.camunda.bpm.dmn.feel.impl.scala.function.CustomFunctionTransformer@6d0d5147, clock: SystemClock, configuration: {externalFunctionsEnabled: false}]
2024-12-30T12:02:46.626+04:00  INFO 33677 --- [mandate-backend] [           main] org.camunda.bpm.engine.persistence       : ENGINE-03016 Performing database operation 'create' on component 'engine' with resource 'org/camunda/bpm/engine/db/create/activiti.h2.create.engine.sql'
2024-12-30T12:02:46.652+04:00  INFO 33677 --- [mandate-backend] [           main] org.camunda.bpm.engine.persistence       : ENGINE-03016 Performing database operation 'create' on component 'history' with resource 'org/camunda/bpm/engine/db/create/activiti.h2.create.history.sql'
2024-12-30T12:02:46.658+04:00  INFO 33677 --- [mandate-backend] [           main] org.camunda.bpm.engine.persistence       : ENGINE-03016 Performing database operation 'create' on component 'identity' with resource 'org/camunda/bpm/engine/db/create/activiti.h2.create.identity.sql'
2024-12-30T12:02:46.666+04:00  INFO 33677 --- [mandate-backend] [           main] org.camunda.bpm.engine.persistence       : ENGINE-03016 Performing database operation 'create' on component 'case.engine' with resource 'org/camunda/bpm/engine/db/create/activiti.h2.create.case.engine.sql'
2024-12-30T12:02:46.669+04:00  INFO 33677 --- [mandate-backend] [           main] org.camunda.bpm.engine.persistence       : ENGINE-03016 Performing database operation 'create' on component 'case.history' with resource 'org/camunda/bpm/engine/db/create/activiti.h2.create.case.history.sql'
2024-12-30T12:02:46.672+04:00  INFO 33677 --- [mandate-backend] [           main] org.camunda.bpm.engine.persistence       : ENGINE-03016 Performing database operation 'create' on component 'decision.engine' with resource 'org/camunda/bpm/engine/db/create/activiti.h2.create.decision.engine.sql'
2024-12-30T12:02:46.677+04:00  INFO 33677 --- [mandate-backend] [           main] org.camunda.bpm.engine.persistence       : ENGINE-03016 Performing database operation 'create' on component 'decision.history' with resource 'org/camunda/bpm/engine/db/create/activiti.h2.create.decision.history.sql'
2024-12-30T12:02:46.699+04:00  INFO 33677 --- [mandate-backend] [           main] org.camunda.bpm.engine.persistence       : ENGINE-03067 No history level property found in database
2024-12-30T12:02:46.701+04:00  INFO 33677 --- [mandate-backend] [           main] org.camunda.bpm.engine.persistence       : ENGINE-03065 Creating historyLevel property in database for level: HistoryLevelFull(name=full, id=3)
2024-12-30T12:02:46.715+04:00  INFO 33677 --- [mandate-backend] [           main] org.camunda.bpm.engine                   : ENGINE-00001 Process Engine default created.
2024-12-30T12:02:46.960+04:00  WARN 33677 --- [mandate-backend] [           main] JpaBaseConfiguration$JpaWebConfiguration : spring.jpa.open-in-view is enabled by default. Therefore, database queries may be performed during view rendering. Explicitly configure spring.jpa.open-in-view to disable this warning
2024-12-30T12:02:47.019+04:00  INFO 33677 --- [mandate-backend] [           main] r$InitializeUserDetailsManagerConfigurer : Global AuthenticationManager configured with UserDetailsService bean with name userDetailsService
2024-12-30T12:02:47.367+04:00  INFO 33677 --- [mandate-backend] [           main] o.s.b.a.e.web.EndpointLinksResolver      : Exposing 1 endpoint beneath base path '/actuator'
2024-12-30T12:02:47.521+04:00  INFO 33677 --- [mandate-backend] [           main] .c.b.s.b.s.r.CamundaJerseyResourceConfig : Configuring camunda rest api.
2024-12-30T12:02:47.540+04:00  INFO 33677 --- [mandate-backend] [           main] .c.b.s.b.s.r.CamundaJerseyResourceConfig : Finished configuring camunda rest api.
2024-12-30T12:02:47.895+04:00  INFO 33677 --- [mandate-backend] [           main] o.s.b.a.h2.H2ConsoleAutoConfiguration    : H2 console available at '/h2-console'. Database available at 'jdbc:h2:mem:testdb'
2024-12-30T12:02:48.018+04:00  INFO 33677 --- [mandate-backend] [           main] c.e.m.MandateBackendApplicationTests     : Started MandateBackendApplicationTests in 7.636 seconds (process running for 8.467)
2024-12-30T12:02:48.057+04:00  INFO 33677 --- [mandate-backend] [           main] org.camunda.bpm.engine.jobexecutor       : ENGINE-14014 Starting up the JobExecutor[org.camunda.bpm.engine.spring.components.jobexecutor.SpringJobExecutor].
2024-12-30T12:02:48.058+04:00  INFO 33677 --- [mandate-backend] [ingJobExecutor]] org.camunda.bpm.engine.jobexecutor       : ENGINE-14018 JobExecutor[org.camunda.bpm.engine.spring.components.jobexecutor.SpringJobExecutor] starting to acquire jobs
]]></system-out>
  </testcase>
</testsuite>